<?xml version="1.0" encoding="UTF-8"?>
<testsuite name="aplication.programming.nttdata.controller.ClientControllerTest" tests="4" skipped="0" failures="0" errors="0" timestamp="2023-04-30T18:47:03" hostname="DESKTOP-18N9LTL" time="0.019">
  <properties/>
  <testcase name="create()" classname="aplication.programming.nttdata.controller.ClientControllerTest" time="0.005"/>
  <testcase name="delete()" classname="aplication.programming.nttdata.controller.ClientControllerTest" time="0.003"/>
  <testcase name="allClient()" classname="aplication.programming.nttdata.controller.ClientControllerTest" time="0.003"/>
  <testcase name="update()" classname="aplication.programming.nttdata.controller.ClientControllerTest" time="0.003"/>
  <system-out><![CDATA[2023-04-30 13:47:03.077  INFO 11060 --- [    Test worker] o.s.t.c.support.AbstractContextLoader    : Could not detect default resource locations for test class [aplication.programming.nttdata.controller.ClientControllerTest]: no resource found for suffixes {-context.xml, Context.groovy}.
2023-04-30 13:47:03.078  INFO 11060 --- [    Test worker] .b.t.c.SpringBootTestContextBootstrapper : Loaded default TestExecutionListener class names from location [META-INF/spring.factories]: [org.springframework.boot.test.autoconfigure.restdocs.RestDocsTestExecutionListener, org.springframework.boot.test.autoconfigure.web.client.MockRestServiceServerResetTestExecutionListener, org.springframework.boot.test.autoconfigure.web.servlet.MockMvcPrintOnlyOnFailureTestExecutionListener, org.springframework.boot.test.autoconfigure.web.servlet.WebDriverTestExecutionListener, org.springframework.boot.test.autoconfigure.webservices.client.MockWebServiceServerTestExecutionListener, org.springframework.boot.test.mock.mockito.MockitoTestExecutionListener, org.springframework.boot.test.mock.mockito.ResetMocksTestExecutionListener, org.springframework.test.context.web.ServletTestExecutionListener, org.springframework.test.context.support.DirtiesContextBeforeModesTestExecutionListener, org.springframework.test.context.event.ApplicationEventsTestExecutionListener, org.springframework.test.context.support.DependencyInjectionTestExecutionListener, org.springframework.test.context.support.DirtiesContextTestExecutionListener, org.springframework.test.context.transaction.TransactionalTestExecutionListener, org.springframework.test.context.jdbc.SqlScriptsTestExecutionListener, org.springframework.test.context.event.EventPublishingTestExecutionListener]
2023-04-30 13:47:03.078  INFO 11060 --- [    Test worker] .b.t.c.SpringBootTestContextBootstrapper : Using TestExecutionListeners: [org.springframework.test.context.web.ServletTestExecutionListener@4193cc82, org.springframework.test.context.support.DirtiesContextBeforeModesTestExecutionListener@61246366, org.springframework.test.context.event.ApplicationEventsTestExecutionListener@47f2a4a3, org.springframework.boot.test.mock.mockito.MockitoTestExecutionListener@1c4ef349, org.springframework.boot.test.autoconfigure.SpringBootDependencyInjectionTestExecutionListener@43e6cb9e, org.springframework.test.context.support.DirtiesContextTestExecutionListener@19bbfd7, org.springframework.test.context.transaction.TransactionalTestExecutionListener@531ec4fb, org.springframework.test.context.jdbc.SqlScriptsTestExecutionListener@3821b16a, org.springframework.test.context.event.EventPublishingTestExecutionListener@4d6e37cb, org.springframework.boot.test.autoconfigure.restdocs.RestDocsTestExecutionListener@11574cb6, org.springframework.boot.test.autoconfigure.web.client.MockRestServiceServerResetTestExecutionListener@344b7b7b, org.springframework.boot.test.autoconfigure.web.servlet.MockMvcPrintOnlyOnFailureTestExecutionListener@1d42679, org.springframework.boot.test.autoconfigure.web.servlet.WebDriverTestExecutionListener@3db889e7, org.springframework.boot.test.autoconfigure.webservices.client.MockWebServiceServerTestExecutionListener@16a1401a, org.springframework.boot.test.mock.mockito.ResetMocksTestExecutionListener@79de7116]

  .   ____          _            __ _ _
 /\\ / ___'_ __ _ _(_)_ __  __ _ \ \ \ \
( ( )\___ | '_ | '_| | '_ \/ _` | \ \ \ \
 \\/  ___)| |_)| | | | | || (_| |  ) ) ) )
  '  |____| .__|_| |_|_| |_\__, | / / / /
 =========|_|==============|___/=/_/_/_/
 :: Spring Boot ::                (v2.7.1)

2023-04-30 13:47:03.100  INFO 11060 --- [    Test worker] a.p.n.controller.ClientControllerTest    : Starting ClientControllerTest using Java 11.0.15 on DESKTOP-18N9LTL with PID 11060 (started by KERKRIS in C:\Users\KERKRIS\Desktop\aplication-programming-interface-nttdata-main)
2023-04-30 13:47:03.100  INFO 11060 --- [    Test worker] a.p.n.controller.ClientControllerTest    : No active profile set, falling back to 1 default profile: "default"
2023-04-30 13:47:03.111  INFO 11060 --- [    Test worker] a.p.n.controller.ClientControllerTest    : Started ClientControllerTest in 0.031 seconds (JVM running for 9.935)
]]></system-out>
  <system-err><![CDATA[]]></system-err>
</testsuite>
