<?xml version="1.0" encoding="UTF-8"?>
<testsuite name="aplication.programming.nttdata.services.impl.MovementServiceImplTest" tests="9" skipped="0" failures="0" errors="0" timestamp="2023-04-30T18:47:03" hostname="DESKTOP-18N9LTL" time="0.072">
  <properties/>
  <testcase name="create()" classname="aplication.programming.nttdata.services.impl.MovementServiceImplTest" time="0.014"/>
  <testcase name="delete()" classname="aplication.programming.nttdata.services.impl.MovementServiceImplTest" time="0.003"/>
  <testcase name="report()" classname="aplication.programming.nttdata.services.impl.MovementServiceImplTest" time="0.009"/>
  <testcase name="update()" classname="aplication.programming.nttdata.services.impl.MovementServiceImplTest" time="0.005"/>
  <testcase name="updateFail()" classname="aplication.programming.nttdata.services.impl.MovementServiceImplTest" time="0.004"/>
  <testcase name="allAccount()" classname="aplication.programming.nttdata.services.impl.MovementServiceImplTest" time="0.003"/>
  <testcase name="createFail()" classname="aplication.programming.nttdata.services.impl.MovementServiceImplTest" time="0.015"/>
  <testcase name="createFailSave()" classname="aplication.programming.nttdata.services.impl.MovementServiceImplTest" time="0.005"/>
  <testcase name="reportFail()" classname="aplication.programming.nttdata.services.impl.MovementServiceImplTest" time="0.004"/>
  <system-out><![CDATA[2023-04-30 13:47:03.547  INFO 11060 --- [    Test worker] o.s.t.c.support.AbstractContextLoader    : Could not detect default resource locations for test class [aplication.programming.nttdata.services.impl.MovementServiceImplTest]: no resource found for suffixes {-context.xml, Context.groovy}.
2023-04-30 13:47:03.549  INFO 11060 --- [    Test worker] .b.t.c.SpringBootTestContextBootstrapper : Loaded default TestExecutionListener class names from location [META-INF/spring.factories]: [org.springframework.boot.test.autoconfigure.restdocs.RestDocsTestExecutionListener, org.springframework.boot.test.autoconfigure.web.client.MockRestServiceServerResetTestExecutionListener, org.springframework.boot.test.autoconfigure.web.servlet.MockMvcPrintOnlyOnFailureTestExecutionListener, org.springframework.boot.test.autoconfigure.web.servlet.WebDriverTestExecutionListener, org.springframework.boot.test.autoconfigure.webservices.client.MockWebServiceServerTestExecutionListener, org.springframework.boot.test.mock.mockito.MockitoTestExecutionListener, org.springframework.boot.test.mock.mockito.ResetMocksTestExecutionListener, org.springframework.test.context.web.ServletTestExecutionListener, org.springframework.test.context.support.DirtiesContextBeforeModesTestExecutionListener, org.springframework.test.context.event.ApplicationEventsTestExecutionListener, org.springframework.test.context.support.DependencyInjectionTestExecutionListener, org.springframework.test.context.support.DirtiesContextTestExecutionListener, org.springframework.test.context.transaction.TransactionalTestExecutionListener, org.springframework.test.context.jdbc.SqlScriptsTestExecutionListener, org.springframework.test.context.event.EventPublishingTestExecutionListener]
2023-04-30 13:47:03.549  INFO 11060 --- [    Test worker] .b.t.c.SpringBootTestContextBootstrapper : Using TestExecutionListeners: [org.springframework.test.context.web.ServletTestExecutionListener@1010bcef, org.springframework.test.context.support.DirtiesContextBeforeModesTestExecutionListener@7aa82aa6, org.springframework.test.context.event.ApplicationEventsTestExecutionListener@6c758922, org.springframework.boot.test.mock.mockito.MockitoTestExecutionListener@3695fa3a, org.springframework.boot.test.autoconfigure.SpringBootDependencyInjectionTestExecutionListener@23f7dfc3, org.springframework.test.context.support.DirtiesContextTestExecutionListener@18b13c01, org.springframework.test.context.transaction.TransactionalTestExecutionListener@58cd8aac, org.springframework.test.context.jdbc.SqlScriptsTestExecutionListener@4190ffa5, org.springframework.test.context.event.EventPublishingTestExecutionListener@5c042993, org.springframework.boot.test.autoconfigure.restdocs.RestDocsTestExecutionListener@4d444726, org.springframework.boot.test.autoconfigure.web.client.MockRestServiceServerResetTestExecutionListener@79683cc8, org.springframework.boot.test.autoconfigure.web.servlet.MockMvcPrintOnlyOnFailureTestExecutionListener@3f439997, org.springframework.boot.test.autoconfigure.web.servlet.WebDriverTestExecutionListener@4276775d, org.springframework.boot.test.autoconfigure.webservices.client.MockWebServiceServerTestExecutionListener@2d646542, org.springframework.boot.test.mock.mockito.ResetMocksTestExecutionListener@1552825a]

  .   ____          _            __ _ _
 /\\ / ___'_ __ _ _(_)_ __  __ _ \ \ \ \
( ( )\___ | '_ | '_| | '_ \/ _` | \ \ \ \
 \\/  ___)| |_)| | | | | || (_| |  ) ) ) )
  '  |____| .__|_| |_|_| |_\__, | / / / /
 =========|_|==============|___/=/_/_/_/
 :: Spring Boot ::                (v2.7.1)

2023-04-30 13:47:03.566  INFO 11060 --- [    Test worker] a.p.n.s.impl.MovementServiceImplTest     : Starting MovementServiceImplTest using Java 11.0.15 on DESKTOP-18N9LTL with PID 11060 (started by KERKRIS in C:\Users\KERKRIS\Desktop\aplication-programming-interface-nttdata-main)
2023-04-30 13:47:03.567  INFO 11060 --- [    Test worker] a.p.n.s.impl.MovementServiceImplTest     : No active profile set, falling back to 1 default profile: "default"
2023-04-30 13:47:03.575  INFO 11060 --- [    Test worker] a.p.n.s.impl.MovementServiceImplTest     : Started MovementServiceImplTest in 0.025 seconds (JVM running for 10.399)
2023-04-30 13:47:03.612  INFO 11060 --- [    Test worker] a.p.n.services.impl.MovementServiceImpl  : Start movement creation process
2023-04-30 13:47:03.621  INFO 11060 --- [    Test worker] a.p.n.services.impl.MovementServiceImpl  : Movement created successfully
2023-04-30 13:47:03.626  INFO 11060 --- [    Test worker] a.p.n.services.impl.MovementServiceImpl  : Move successfully removed
2023-04-30 13:47:03.642  INFO 11060 --- [    Test worker] a.p.n.services.impl.MovementServiceImpl  : Movement updated successfully
2023-04-30 13:47:03.648 ERROR 11060 --- [    Test worker] a.p.n.services.impl.MovementServiceImpl  : Insufficient balance to carry out the transaction
2023-04-30 13:47:03.668  INFO 11060 --- [    Test worker] a.p.n.services.impl.MovementServiceImpl  : Start movement creation process
2023-04-30 13:47:03.674  INFO 11060 --- [    Test worker] a.p.n.services.impl.MovementServiceImpl  : Start movement creation process
2023-04-30 13:47:03.675 ERROR 11060 --- [    Test worker] a.p.n.services.impl.MovementServiceImpl  : Error null
2023-04-30 13:47:03.680 ERROR 11060 --- [    Test worker] a.p.n.services.impl.MovementServiceImpl  : An error occurred while consulting the client's account. Detail = null
]]></system-out>
  <system-err><![CDATA[]]></system-err>
</testsuite>
