<?xml version="1.0" encoding="UTF-8"?>
<testsuite name="aplication.programming.nttdata.services.impl.AccountServiceImplTest" tests="9" skipped="0" failures="0" errors="0" timestamp="2023-04-30T18:47:03" hostname="DESKTOP-18N9LTL" time="0.079">
  <properties/>
  <testcase name="create()" classname="aplication.programming.nttdata.services.impl.AccountServiceImplTest" time="0.016"/>
  <testcase name="delete()" classname="aplication.programming.nttdata.services.impl.AccountServiceImplTest" time="0.008"/>
  <testcase name="update()" classname="aplication.programming.nttdata.services.impl.AccountServiceImplTest" time="0.004"/>
  <testcase name="updateFail()" classname="aplication.programming.nttdata.services.impl.AccountServiceImplTest" time="0.01"/>
  <testcase name="allAccountFail()" classname="aplication.programming.nttdata.services.impl.AccountServiceImplTest" time="0.017"/>
  <testcase name="allAccount()" classname="aplication.programming.nttdata.services.impl.AccountServiceImplTest" time="0.003"/>
  <testcase name="createFail()" classname="aplication.programming.nttdata.services.impl.AccountServiceImplTest" time="0.004"/>
  <testcase name="createFailClient()" classname="aplication.programming.nttdata.services.impl.AccountServiceImplTest" time="0.003"/>
  <testcase name="deleteFail()" classname="aplication.programming.nttdata.services.impl.AccountServiceImplTest" time="0.002"/>
  <system-out><![CDATA[2023-04-30 13:47:03.248  INFO 11060 --- [    Test worker] o.s.t.c.support.AbstractContextLoader    : Could not detect default resource locations for test class [aplication.programming.nttdata.services.impl.AccountServiceImplTest]: no resource found for suffixes {-context.xml, Context.groovy}.
2023-04-30 13:47:03.250  INFO 11060 --- [    Test worker] .b.t.c.SpringBootTestContextBootstrapper : Loaded default TestExecutionListener class names from location [META-INF/spring.factories]: [org.springframework.boot.test.autoconfigure.restdocs.RestDocsTestExecutionListener, org.springframework.boot.test.autoconfigure.web.client.MockRestServiceServerResetTestExecutionListener, org.springframework.boot.test.autoconfigure.web.servlet.MockMvcPrintOnlyOnFailureTestExecutionListener, org.springframework.boot.test.autoconfigure.web.servlet.WebDriverTestExecutionListener, org.springframework.boot.test.autoconfigure.webservices.client.MockWebServiceServerTestExecutionListener, org.springframework.boot.test.mock.mockito.MockitoTestExecutionListener, org.springframework.boot.test.mock.mockito.ResetMocksTestExecutionListener, org.springframework.test.context.web.ServletTestExecutionListener, org.springframework.test.context.support.DirtiesContextBeforeModesTestExecutionListener, org.springframework.test.context.event.ApplicationEventsTestExecutionListener, org.springframework.test.context.support.DependencyInjectionTestExecutionListener, org.springframework.test.context.support.DirtiesContextTestExecutionListener, org.springframework.test.context.transaction.TransactionalTestExecutionListener, org.springframework.test.context.jdbc.SqlScriptsTestExecutionListener, org.springframework.test.context.event.EventPublishingTestExecutionListener]
2023-04-30 13:47:03.250  INFO 11060 --- [    Test worker] .b.t.c.SpringBootTestContextBootstrapper : Using TestExecutionListeners: [org.springframework.test.context.web.ServletTestExecutionListener@7662a4cd, org.springframework.test.context.support.DirtiesContextBeforeModesTestExecutionListener@1b09ad36, org.springframework.test.context.event.ApplicationEventsTestExecutionListener@55370f97, org.springframework.boot.test.mock.mockito.MockitoTestExecutionListener@4dc9496c, org.springframework.boot.test.autoconfigure.SpringBootDependencyInjectionTestExecutionListener@2eeed8d4, org.springframework.test.context.support.DirtiesContextTestExecutionListener@7858b022, org.springframework.test.context.transaction.TransactionalTestExecutionListener@15fe4309, org.springframework.test.context.jdbc.SqlScriptsTestExecutionListener@12fbfaf3, org.springframework.test.context.event.EventPublishingTestExecutionListener@4a0ba800, org.springframework.boot.test.autoconfigure.restdocs.RestDocsTestExecutionListener@776fc8c3, org.springframework.boot.test.autoconfigure.web.client.MockRestServiceServerResetTestExecutionListener@10ee2b2c, org.springframework.boot.test.autoconfigure.web.servlet.MockMvcPrintOnlyOnFailureTestExecutionListener@5d0f67a0, org.springframework.boot.test.autoconfigure.web.servlet.WebDriverTestExecutionListener@4ad39fa9, org.springframework.boot.test.autoconfigure.webservices.client.MockWebServiceServerTestExecutionListener@43f36fe0, org.springframework.boot.test.mock.mockito.ResetMocksTestExecutionListener@22259bf9]

  .   ____          _            __ _ _
 /\\ / ___'_ __ _ _(_)_ __  __ _ \ \ \ \
( ( )\___ | '_ | '_| | '_ \/ _` | \ \ \ \
 \\/  ___)| |_)| | | | | || (_| |  ) ) ) )
  '  |____| .__|_| |_|_| |_\__, | / / / /
 =========|_|==============|___/=/_/_/_/
 :: Spring Boot ::                (v2.7.1)

2023-04-30 13:47:03.271  INFO 11060 --- [    Test worker] a.p.n.s.impl.AccountServiceImplTest      : Starting AccountServiceImplTest using Java 11.0.15 on DESKTOP-18N9LTL with PID 11060 (started by KERKRIS in C:\Users\KERKRIS\Desktop\aplication-programming-interface-nttdata-main)
2023-04-30 13:47:03.271  INFO 11060 --- [    Test worker] a.p.n.s.impl.AccountServiceImplTest      : No active profile set, falling back to 1 default profile: "default"
2023-04-30 13:47:03.282  INFO 11060 --- [    Test worker] a.p.n.s.impl.AccountServiceImplTest      : Started AccountServiceImplTest in 0.03 seconds (JVM running for 10.106)
2023-04-30 13:47:03.396  INFO 11060 --- [    Test worker] a.p.n.services.impl.AccountServiceImpl   : Start the account creation process
2023-04-30 13:47:03.404  INFO 11060 --- [    Test worker] a.p.n.services.impl.AccountServiceImpl   : Client successfully obtained
2023-04-30 13:47:03.405  INFO 11060 --- [    Test worker] a.p.n.services.impl.AccountServiceImpl   : Customer account successfully saved
2023-04-30 13:47:03.405  INFO 11060 --- [    Test worker] a.p.n.services.impl.AccountServiceImpl   : Client account creation process completed successfully
2023-04-30 13:47:03.414  INFO 11060 --- [    Test worker] a.p.n.services.impl.AccountServiceImpl   : Start account deletion process
2023-04-30 13:47:03.417  INFO 11060 --- [    Test worker] a.p.n.services.impl.AccountServiceImpl   : Account deletion successful
2023-04-30 13:47:03.421  INFO 11060 --- [    Test worker] a.p.n.services.impl.AccountServiceImpl   : Start account update process
2023-04-30 13:47:03.422  INFO 11060 --- [    Test worker] a.p.n.services.impl.AccountServiceImpl   : Account update successful
2023-04-30 13:47:03.429  INFO 11060 --- [    Test worker] a.p.n.services.impl.AccountServiceImpl   : Start account update process
2023-04-30 13:47:03.430 ERROR 11060 --- [    Test worker] a.p.n.services.impl.AccountServiceImpl   : An error occurred while updating the customer account. Detail = null
2023-04-30 13:47:03.436  INFO 11060 --- [    Test worker] a.p.n.services.impl.AccountServiceImpl   : Start of consultation of all accounts
2023-04-30 13:47:03.446 ERROR 11060 --- [    Test worker] a.p.n.services.impl.AccountServiceImpl   : An error occurred while consulting the accounts. Detail = null
2023-04-30 13:47:03.455  INFO 11060 --- [    Test worker] a.p.n.services.impl.AccountServiceImpl   : Start of consultation of all accounts
2023-04-30 13:47:03.460  INFO 11060 --- [    Test worker] a.p.n.services.impl.AccountServiceImpl   : Start the account creation process
2023-04-30 13:47:03.461  INFO 11060 --- [    Test worker] a.p.n.services.impl.AccountServiceImpl   : Client successfully obtained
2023-04-30 13:47:03.461 ERROR 11060 --- [    Test worker] a.p.n.services.impl.AccountServiceImpl   : An error occurred while trying to save the customer account. Detail = null
2023-04-30 13:47:03.465  INFO 11060 --- [    Test worker] a.p.n.services.impl.AccountServiceImpl   : Start the account creation process
2023-04-30 13:47:03.466 ERROR 11060 --- [    Test worker] a.p.n.services.impl.AccountServiceImpl   : An error occurred while searching for the client. Detail = null
2023-04-30 13:47:03.470  INFO 11060 --- [    Test worker] a.p.n.services.impl.AccountServiceImpl   : Start account deletion process
2023-04-30 13:47:03.470 ERROR 11060 --- [    Test worker] a.p.n.services.impl.AccountServiceImpl   : An error occurred while deleting the customer account. Detail = null
]]></system-out>
  <system-err><![CDATA[]]></system-err>
</testsuite>
