<?xml version="1.0" encoding="UTF-8"?>
<testsuite name="aplication.programming.nttdata.controller.AccountControllerTest" tests="4" skipped="0" failures="0" errors="0" timestamp="2023-04-30T18:47:02" hostname="DESKTOP-18N9LTL" time="0.111">
  <properties/>
  <testcase name="create()" classname="aplication.programming.nttdata.controller.AccountControllerTest" time="0.095"/>
  <testcase name="delete()" classname="aplication.programming.nttdata.controller.AccountControllerTest" time="0.005"/>
  <testcase name="update()" classname="aplication.programming.nttdata.controller.AccountControllerTest" time="0.003"/>
  <testcase name="allAccount()" classname="aplication.programming.nttdata.controller.AccountControllerTest" time="0.003"/>
  <system-out><![CDATA[2023-04-30 13:47:02.705  INFO 11060 --- [    Test worker] o.s.t.c.support.AbstractContextLoader    : Could not detect default resource locations for test class [aplication.programming.nttdata.controller.AccountControllerTest]: no resource found for suffixes {-context.xml, Context.groovy}.
2023-04-30 13:47:02.709  INFO 11060 --- [    Test worker] .b.t.c.SpringBootTestContextBootstrapper : Loaded default TestExecutionListener class names from location [META-INF/spring.factories]: [org.springframework.boot.test.autoconfigure.restdocs.RestDocsTestExecutionListener, org.springframework.boot.test.autoconfigure.web.client.MockRestServiceServerResetTestExecutionListener, org.springframework.boot.test.autoconfigure.web.servlet.MockMvcPrintOnlyOnFailureTestExecutionListener, org.springframework.boot.test.autoconfigure.web.servlet.WebDriverTestExecutionListener, org.springframework.boot.test.autoconfigure.webservices.client.MockWebServiceServerTestExecutionListener, org.springframework.boot.test.mock.mockito.MockitoTestExecutionListener, org.springframework.boot.test.mock.mockito.ResetMocksTestExecutionListener, org.springframework.test.context.web.ServletTestExecutionListener, org.springframework.test.context.support.DirtiesContextBeforeModesTestExecutionListener, org.springframework.test.context.event.ApplicationEventsTestExecutionListener, org.springframework.test.context.support.DependencyInjectionTestExecutionListener, org.springframework.test.context.support.DirtiesContextTestExecutionListener, org.springframework.test.context.transaction.TransactionalTestExecutionListener, org.springframework.test.context.jdbc.SqlScriptsTestExecutionListener, org.springframework.test.context.event.EventPublishingTestExecutionListener]
2023-04-30 13:47:02.710  INFO 11060 --- [    Test worker] .b.t.c.SpringBootTestContextBootstrapper : Using TestExecutionListeners: [org.springframework.test.context.web.ServletTestExecutionListener@197e53dd, org.springframework.test.context.support.DirtiesContextBeforeModesTestExecutionListener@7f927526, org.springframework.test.context.event.ApplicationEventsTestExecutionListener@228c8db9, org.springframework.boot.test.mock.mockito.MockitoTestExecutionListener@2c3bdbe, org.springframework.boot.test.autoconfigure.SpringBootDependencyInjectionTestExecutionListener@6948f680, org.springframework.test.context.support.DirtiesContextTestExecutionListener@51f95ca, org.springframework.test.context.transaction.TransactionalTestExecutionListener@43382195, org.springframework.test.context.jdbc.SqlScriptsTestExecutionListener@5c894a01, org.springframework.test.context.event.EventPublishingTestExecutionListener@72db5be6, org.springframework.boot.test.autoconfigure.restdocs.RestDocsTestExecutionListener@b1321b2, org.springframework.boot.test.autoconfigure.web.client.MockRestServiceServerResetTestExecutionListener@9a59dcc, org.springframework.boot.test.autoconfigure.web.servlet.MockMvcPrintOnlyOnFailureTestExecutionListener@1fea17bb, org.springframework.boot.test.autoconfigure.web.servlet.WebDriverTestExecutionListener@37467bcb, org.springframework.boot.test.autoconfigure.webservices.client.MockWebServiceServerTestExecutionListener@25cac220, org.springframework.boot.test.mock.mockito.ResetMocksTestExecutionListener@2470a8]

  .   ____          _            __ _ _
 /\\ / ___'_ __ _ _(_)_ __  __ _ \ \ \ \
( ( )\___ | '_ | '_| | '_ \/ _` | \ \ \ \
 \\/  ___)| |_)| | | | | || (_| |  ) ) ) )
  '  |____| .__|_| |_|_| |_\__, | / / / /
 =========|_|==============|___/=/_/_/_/
 :: Spring Boot ::                (v2.7.1)

2023-04-30 13:47:02.737  INFO 11060 --- [    Test worker] a.p.n.controller.AccountControllerTest   : Starting AccountControllerTest using Java 11.0.15 on DESKTOP-18N9LTL with PID 11060 (started by KERKRIS in C:\Users\KERKRIS\Desktop\aplication-programming-interface-nttdata-main)
2023-04-30 13:47:02.737  INFO 11060 --- [    Test worker] a.p.n.controller.AccountControllerTest   : No active profile set, falling back to 1 default profile: "default"
2023-04-30 13:47:02.749  INFO 11060 --- [    Test worker] a.p.n.controller.AccountControllerTest   : Started AccountControllerTest in 0.037 seconds (JVM running for 9.573)
]]></system-out>
  <system-err><![CDATA[]]></system-err>
</testsuite>
